<?xml version="1.0" encoding="UTF-8"?>
<!-- Generated by org.testng.reporters.JUnitReportReporter -->
<testsuite skipped="0" hostname="kajugul" name="Base.BaseScript" tests="1" failures="0" timestamp="02 Dec 2017 17:15:29 GMT" time="1.720" errors="0">
  <testcase name="TEST" time="1.720" classname="Base.BaseScript"/>
</testsuite> <!-- Base.BaseScript -->
