<?xml version="1.0" encoding="UTF-8"?>
<!-- Generated by org.testng.reporters.JUnitReportReporter -->
<testsuite skipped="0" hostname="kajugul" name="TC_Repository.TC_1_Login" tests="1" failures="0" timestamp="06 Jan 2018 17:41:05 GMT" time="223.391" errors="0">
  <testcase name="signIn" time="223.391" classname="TC_Repository.TC_1_Login"/>
</testsuite> <!-- TC_Repository.TC_1_Login -->
